<?xml version="1.0" encoding="UTF-8"?>
<testsuite name="SolutionTest" tests="1" skipped="0" failures="0" errors="0" timestamp="2022-06-26T04:37:40" hostname="Jayui-MacBookPro.local" time="0.016">
  <properties/>
  <testcase name="test3" classname="SolutionTest" time="0.016"/>
  <system-out><![CDATA[]]></system-out>
  <system-err><![CDATA[]]></system-err>
</testsuite>
