<?xml version="1.0" encoding="UTF-8"?>
<testsuite name="SolutionTest" tests="1" skipped="0" failures="0" errors="0" timestamp="2023-03-21T11:37:21" hostname="Jayui-MacBookPro.local" time="0.025">
  <properties/>
  <testcase name="test2()" classname="SolutionTest" time="0.025"/>
  <system-out><![CDATA[]]></system-out>
  <system-err><![CDATA[]]></system-err>
</testsuite>
