<?xml version="1.0" encoding="UTF-8"?>
<testsuite name="SolutionTest" tests="1" skipped="0" failures="0" errors="0" timestamp="2023-03-21T10:03:58" hostname="Jayui-MacBookPro.local" time="0.021">
  <properties/>
  <testcase name="test()" classname="SolutionTest" time="0.021"/>
  <system-out><![CDATA[]]></system-out>
  <system-err><![CDATA[]]></system-err>
</testsuite>
