<?xml version="1.0" encoding="UTF-8"?>
<testsuite name="SolutionTest" tests="1" skipped="0" failures="0" errors="0" timestamp="2022-07-10T05:38:41" hostname="Jayui-MacBookPro.local" time="0.029">
  <properties/>
  <testcase name="example1" classname="SolutionTest" time="0.029"/>
  <system-out><![CDATA[]]></system-out>
  <system-err><![CDATA[]]></system-err>
</testsuite>
