<?xml version="1.0" encoding="UTF-8"?>
<testsuite name="WordDictionaryTest" tests="1" skipped="0" failures="0" errors="0" timestamp="2023-03-21T05:44:59" hostname="Jayui-MacBookPro.local" time="0.025">
  <properties/>
  <testcase name="test1()" classname="WordDictionaryTest" time="0.025"/>
  <system-out><![CDATA[]]></system-out>
  <system-err><![CDATA[]]></system-err>
</testsuite>
